0 info it worked if it ends with ok
1 verbose cli [ '/usr/local/Cellar/node/6.2.1/bin/node',
1 verbose cli   '/usr/local/bin/npm',
1 verbose cli   'run',
1 verbose cli   'dev' ]
2 info using npm@3.9.3
3 info using node@v6.2.1
4 verbose run-script [ 'predev', 'dev', 'postdev' ]
5 info lifecycle bryanyuan2-api@0.1.5~predev: bryanyuan2-api@0.1.5
6 silly lifecycle bryanyuan2-api@0.1.5~predev: no script for predev, continuing
7 info lifecycle bryanyuan2-api@0.1.5~dev: bryanyuan2-api@0.1.5
8 verbose lifecycle bryanyuan2-api@0.1.5~dev: unsafe-perm in lifecycle true
9 verbose lifecycle bryanyuan2-api@0.1.5~dev: PATH: /usr/local/lib/node_modules/npm/bin/node-gyp-bin:/Users/cycheng/git/bryanyuan2-api/node_modules/.bin:/usr/local/Cellar/node/6.2.1/bin:/usr/local/bin:/usr/bin:/bin:/usr/sbin:/sbin:/Users/cycheng/bin
10 verbose lifecycle bryanyuan2-api@0.1.5~dev: CWD: /Users/cycheng/git/bryanyuan2-api
11 silly lifecycle bryanyuan2-api@0.1.5~dev: Args: [ '-c', 'NODE_ENV=development node index.js' ]
12 silly lifecycle bryanyuan2-api@0.1.5~dev: Returned: code: 1  signal: null
13 info lifecycle bryanyuan2-api@0.1.5~dev: Failed to exec dev script
14 verbose stack Error: bryanyuan2-api@0.1.5 dev: `NODE_ENV=development node index.js`
14 verbose stack Exit status 1
14 verbose stack     at EventEmitter.<anonymous> (/usr/local/lib/node_modules/npm/lib/utils/lifecycle.js:245:16)
14 verbose stack     at emitTwo (events.js:106:13)
14 verbose stack     at EventEmitter.emit (events.js:191:7)
14 verbose stack     at ChildProcess.<anonymous> (/usr/local/lib/node_modules/npm/lib/utils/spawn.js:24:14)
14 verbose stack     at emitTwo (events.js:106:13)
14 verbose stack     at ChildProcess.emit (events.js:191:7)
14 verbose stack     at maybeClose (internal/child_process.js:852:16)
14 verbose stack     at Process.ChildProcess._handle.onexit (internal/child_process.js:215:5)
15 verbose pkgid bryanyuan2-api@0.1.5
16 verbose cwd /Users/cycheng/git/bryanyuan2-api
17 error Darwin 15.5.0
18 error argv "/usr/local/Cellar/node/6.2.1/bin/node" "/usr/local/bin/npm" "run" "dev"
19 error node v6.2.1
20 error npm  v3.9.3
21 error code ELIFECYCLE
22 error bryanyuan2-api@0.1.5 dev: `NODE_ENV=development node index.js`
22 error Exit status 1
23 error Failed at the bryanyuan2-api@0.1.5 dev script 'NODE_ENV=development node index.js'.
23 error Make sure you have the latest version of node.js and npm installed.
23 error If you do, this is most likely a problem with the bryanyuan2-api package,
23 error not with npm itself.
23 error Tell the author that this fails on your system:
23 error     NODE_ENV=development node index.js
23 error You can get information on how to open an issue for this project with:
23 error     npm bugs bryanyuan2-api
23 error Or if that isn't available, you can get their info via:
23 error     npm owner ls bryanyuan2-api
23 error There is likely additional logging output above.
24 verbose exit [ 1, true ]
